{"/Users/amanpatial/projects/www/github/angularjs-sailsjs-mongodb-example/sails-phonebook/api/controllers/PhonebookController.js":{"path":"/Users/amanpatial/projects/www/github/angularjs-sailsjs-mongodb-example/sails-phonebook/api/controllers/PhonebookController.js","s":{"1":1,"2":0,"3":0,"4":0,"5":0,"6":0,"7":0,"8":0,"9":0,"10":0,"11":0,"12":0,"13":0,"14":0,"15":0,"16":0,"17":0,"18":0,"19":0,"20":0,"21":0,"22":0},"b":{"1":[0,0],"2":[0,0],"3":[0,0],"4":[0,0]},"f":{"1":0,"2":0,"3":0,"4":0},"fnMap":{"1":{"name":"(anonymous_1)","line":14,"loc":{"start":{"line":14,"column":10},"end":{"line":14,"column":36}}},"2":{"name":"phoneBookCreated","line":26,"loc":{"start":{"line":26,"column":4},"end":{"line":26,"column":45}}},"3":{"name":"(anonymous_3)","line":53,"loc":{"start":{"line":53,"column":14},"end":{"line":53,"column":40}}},"4":{"name":"foundPhoneBook","line":55,"loc":{"start":{"line":55,"column":18},"end":{"line":55,"column":59}}}},"statementMap":{"1":{"start":{"line":8,"column":0},"end":{"line":69,"column":2}},"2":{"start":{"line":16,"column":3},"end":{"line":16,"column":42}},"3":{"start":{"line":17,"column":4},"end":{"line":17,"column":41}},"4":{"start":{"line":18,"column":4},"end":{"line":18,"column":47}},"5":{"start":{"line":21,"column":4},"end":{"line":21,"column":42}},"6":{"start":{"line":22,"column":4},"end":{"line":22,"column":40}},"7":{"start":{"line":23,"column":4},"end":{"line":23,"column":46}},"8":{"start":{"line":25,"column":4},"end":{"line":46,"column":6}},"9":{"start":{"line":27,"column":5},"end":{"line":44,"column":6}},"10":{"start":{"line":28,"column":6},"end":{"line":28,"column":39}},"11":{"start":{"line":29,"column":6},"end":{"line":29,"column":13}},"12":{"start":{"line":32,"column":11},"end":{"line":43,"column":13}},"13":{"start":{"line":33,"column":13},"end":{"line":33,"column":69}},"14":{"start":{"line":34,"column":13},"end":{"line":34,"column":68}},"15":{"start":{"line":35,"column":13},"end":{"line":35,"column":71}},"16":{"start":{"line":37,"column":13},"end":{"line":42,"column":26}},"17":{"start":{"line":55,"column":3},"end":{"line":66,"column":7}},"18":{"start":{"line":56,"column":6},"end":{"line":64,"column":7}},"19":{"start":{"line":57,"column":8},"end":{"line":57,"column":29}},"20":{"start":{"line":60,"column":8},"end":{"line":63,"column":9}},"21":{"start":{"line":61,"column":10},"end":{"line":61,"column":70}},"22":{"start":{"line":62,"column":10},"end":{"line":62,"column":39}}},"branchMap":{"1":{"line":27,"type":"if","locations":[{"start":{"line":27,"column":5},"end":{"line":27,"column":5}},{"start":{"line":27,"column":5},"end":{"line":27,"column":5}}]},"2":{"line":32,"type":"if","locations":[{"start":{"line":32,"column":11},"end":{"line":32,"column":11}},{"start":{"line":32,"column":11},"end":{"line":32,"column":11}}]},"3":{"line":56,"type":"if","locations":[{"start":{"line":56,"column":6},"end":{"line":56,"column":6}},{"start":{"line":56,"column":6},"end":{"line":56,"column":6}}]},"4":{"line":60,"type":"if","locations":[{"start":{"line":60,"column":8},"end":{"line":60,"column":8}},{"start":{"line":60,"column":8},"end":{"line":60,"column":8}}]}}},"/Users/amanpatial/projects/www/github/angularjs-sailsjs-mongodb-example/sails-phonebook/api/models/Phonebook.js":{"path":"/Users/amanpatial/projects/www/github/angularjs-sailsjs-mongodb-example/sails-phonebook/api/models/Phonebook.js","s":{"1":1},"b":{},"f":{},"fnMap":{},"statementMap":{"1":{"start":{"line":8,"column":0},"end":{"line":29,"column":2}}},"branchMap":{}}}