TN:
SF:/Users/amanpatial/projects/www/github/angularjs-sailsjs-mongodb-example/sails-phonebook/api/controllers/PhonebookController.js
FN:14,(anonymous_1)
FN:26,phoneBookCreated
FN:53,(anonymous_3)
FN:55,foundPhoneBook
FNF:4
FNH:0
FNDA:0,(anonymous_1)
FNDA:0,phoneBookCreated
FNDA:0,(anonymous_3)
FNDA:0,foundPhoneBook
DA:8,1
DA:16,0
DA:17,0
DA:18,0
DA:21,0
DA:22,0
DA:23,0
DA:25,0
DA:27,0
DA:28,0
DA:29,0
DA:32,0
DA:33,0
DA:34,0
DA:35,0
DA:37,0
DA:55,0
DA:56,0
DA:57,0
DA:60,0
DA:61,0
DA:62,0
LF:22
LH:1
BRDA:27,1,0,0
BRDA:27,1,1,0
BRDA:32,2,0,0
BRDA:32,2,1,0
BRDA:56,3,0,0
BRDA:56,3,1,0
BRDA:60,4,0,0
BRDA:60,4,1,0
BRF:8
BRH:0
end_of_record
TN:
SF:/Users/amanpatial/projects/www/github/angularjs-sailsjs-mongodb-example/sails-phonebook/api/models/Phonebook.js
FNF:0
FNH:0
DA:8,1
LF:1
LH:1
BRF:0
BRH:0
end_of_record
